<?xml version="1.0" encoding="UTF-8"?>
<robot generator="Robot 6.1.1 (Python 3.12.0 on win32)" generated="20231227 19:46:15.176" rpa="false" schemaversion="4">
<suite id="s1" name="Quote" source="C:\Users\Caio\Desktop\Cadastro final\Tests\Quote">
<suite id="s1-s1" name="Quote" source="C:\Users\Caio\Desktop\Cadastro final\Tests\Quote\Quote.robot">
<test id="s1-s1-t1" name="cenario 1: Cadastro aba Enter Vehicle Data" line="14">
<kw name="Dado que eu acesso o site do Engine" library="Vehicle_steps">
<kw name="Open Browser" library="SeleniumLibrary">
<arg>${URL}</arg>
<arg>${Browser}</arg>
<doc>Opens a new browser instance to the optional ``url``.</doc>
<msg timestamp="20231227 19:46:15.572" level="INFO">Opening browser 'chrome' to base url 'http://sampleapp.tricentis.com/101/app.php'.</msg>
<status status="PASS" starttime="20231227 19:46:15.572" endtime="20231227 19:46:21.234"/>
</kw>
<kw name="Maximize Browser Window" library="SeleniumLibrary">
<doc>Maximizes current browser window.</doc>
<status status="PASS" starttime="20231227 19:46:21.235" endtime="20231227 19:46:21.368"/>
</kw>
<status status="PASS" starttime="20231227 19:46:15.571" endtime="20231227 19:46:21.368"/>
</kw>
<kw name="Quando cadastro a aba Enter Vehicle Data" library="Vehicle_steps">
<kw name="Click Element" library="SeleniumLibrary">
<arg>${Vehicle.Camper}</arg>
<doc>Click the element identified by ``locator``.</doc>
<msg timestamp="20231227 19:46:21.372" level="INFO">Clicking element '//*[@id="nav_camper"]'.</msg>
<status status="PASS" starttime="20231227 19:46:21.370" endtime="20231227 19:46:22.140"/>
</kw>
<kw name="Click Element" library="SeleniumLibrary">
<arg>${Vehicle.Option_BMW}</arg>
<doc>Click the element identified by ``locator``.</doc>
<msg timestamp="20231227 19:46:22.142" level="INFO">Clicking element 'xpath=//option [contains(text(),"BMW")]'.</msg>
<status status="PASS" starttime="20231227 19:46:22.141" endtime="20231227 19:46:22.204"/>
</kw>
<kw name="Input Text" library="SeleniumLibrary">
<arg>${Vehicle.Input_KW}</arg>
<arg>${KW}</arg>
<doc>Types the given ``text`` into the text field identified by ``locator``.</doc>
<msg timestamp="20231227 19:46:22.205" level="INFO">Typing text '1200' into text field '//input [@id="engineperformance"]'.</msg>
<status status="PASS" starttime="20231227 19:46:22.204" endtime="20231227 19:46:22.381"/>
</kw>
<kw name="Input Text" library="SeleniumLibrary">
<arg>${Vehicle.Input_DOM}</arg>
<arg>${Data}</arg>
<doc>Types the given ``text`` into the text field identified by ``locator``.</doc>
<msg timestamp="20231227 19:46:22.384" level="INFO">Typing text '12/09/1989' into text field '//input[@placeholder="MM/DD/YYYY"]'.</msg>
<status status="PASS" starttime="20231227 19:46:22.381" endtime="20231227 19:46:22.604"/>
</kw>
<kw name="Click Element" library="SeleniumLibrary">
<arg>${Vehicle.Input_Seats}</arg>
<doc>Click the element identified by ``locator``.</doc>
<msg timestamp="20231227 19:46:22.607" level="INFO">Clicking element ' xpath=//select [@id="numberofseats"]'.</msg>
<status status="PASS" starttime="20231227 19:46:22.604" endtime="20231227 19:46:22.699"/>
</kw>
<kw name="Click Element" library="SeleniumLibrary">
<arg>${Vehicle.Input_Number_Seats}</arg>
<doc>Click the element identified by ``locator``.</doc>
<msg timestamp="20231227 19:46:22.703" level="INFO">Clicking element ' xpath=//select [@id="numberofseats"]/option[9]'.</msg>
<status status="PASS" starttime="20231227 19:46:22.699" endtime="20231227 19:46:22.758"/>
</kw>
<kw name="Click Element" library="SeleniumLibrary">
<arg>${Vehicle.Input_RHD}</arg>
<doc>Click the element identified by ``locator``.</doc>
<msg timestamp="20231227 19:46:22.759" level="INFO">Clicking element 'class=ideal-radio'.</msg>
<status status="PASS" starttime="20231227 19:46:22.758" endtime="20231227 19:46:22.836"/>
</kw>
<kw name="Click Element" library="SeleniumLibrary">
<arg>${Vehicle.Fuel}</arg>
<doc>Click the element identified by ``locator``.</doc>
<msg timestamp="20231227 19:46:22.838" level="INFO">Clicking element 'xpath=//*[@id="fuel"]'.</msg>
<status status="PASS" starttime="20231227 19:46:22.836" endtime="20231227 19:46:22.912"/>
</kw>
<kw name="Click Element" library="SeleniumLibrary">
<arg>${Vehicle.Fuel_option}</arg>
<doc>Click the element identified by ``locator``.</doc>
<msg timestamp="20231227 19:46:22.915" level="INFO">Clicking element '//*[@id="fuel"]/option[5]'.</msg>
<status status="PASS" starttime="20231227 19:46:22.912" endtime="20231227 19:46:22.960"/>
</kw>
<kw name="Click Element" library="SeleniumLibrary">
<arg>${Vehicle.Payload}</arg>
<doc>Click the element identified by ``locator``.</doc>
<msg timestamp="20231227 19:46:22.961" level="INFO">Clicking element '//*[@id="payload"]'.</msg>
<status status="PASS" starttime="20231227 19:46:22.960" endtime="20231227 19:46:23.065"/>
</kw>
<kw name="Input Text" library="SeleniumLibrary">
<arg>${Vehicle.Input_Payload}</arg>
<arg>101</arg>
<doc>Types the given ``text`` into the text field identified by ``locator``.</doc>
<msg timestamp="20231227 19:46:23.067" level="INFO">Typing text '101' into text field '//*[@id="payload"]'.</msg>
<status status="PASS" starttime="20231227 19:46:23.066" endtime="20231227 19:46:23.158"/>
</kw>
<kw name="Click Element" library="SeleniumLibrary">
<arg>${Vehicle.Totalweight}</arg>
<doc>Click the element identified by ``locator``.</doc>
<msg timestamp="20231227 19:46:23.160" level="INFO">Clicking element '//*[@id="totalweight"]'.</msg>
<status status="PASS" starttime="20231227 19:46:23.159" endtime="20231227 19:46:23.227"/>
</kw>
<kw name="Input Text" library="SeleniumLibrary">
<arg>${Vehicle.Input_TotalWeight}</arg>
<arg>1010</arg>
<doc>Types the given ``text`` into the text field identified by ``locator``.</doc>
<msg timestamp="20231227 19:46:23.228" level="INFO">Typing text '1010' into text field '//*[@id="totalweight"]'.</msg>
<status status="PASS" starttime="20231227 19:46:23.227" endtime="20231227 19:46:23.334"/>
</kw>
<kw name="Click Element" library="SeleniumLibrary">
<arg>${Vehicle.ListPrice}</arg>
<doc>Click the element identified by ``locator``.</doc>
<msg timestamp="20231227 19:46:23.335" level="INFO">Clicking element '//*[@id="listprice"]'.</msg>
<status status="PASS" starttime="20231227 19:46:23.334" endtime="20231227 19:46:23.406"/>
</kw>
<kw name="Input Text" library="SeleniumLibrary">
<arg>${Vehicle.Input_ListPrice}</arg>
<arg>100000</arg>
<doc>Types the given ``text`` into the text field identified by ``locator``.</doc>
<msg timestamp="20231227 19:46:23.408" level="INFO">Typing text '100000' into text field '//*[@id="listprice"]'.</msg>
<status status="PASS" starttime="20231227 19:46:23.406" endtime="20231227 19:46:23.524"/>
</kw>
<kw name="Click Element" library="SeleniumLibrary">
<arg>${Vehicle.LicencePlate}</arg>
<doc>Click the element identified by ``locator``.</doc>
<msg timestamp="20231227 19:46:23.525" level="INFO">Clicking element '//*[@id="licenseplatenumber"]'.</msg>
<status status="PASS" starttime="20231227 19:46:23.524" endtime="20231227 19:46:23.600"/>
</kw>
<kw name="Input Text" library="SeleniumLibrary">
<arg>${Vehicle.Input_LicencePlate}</arg>
<arg>101010</arg>
<doc>Types the given ``text`` into the text field identified by ``locator``.</doc>
<msg timestamp="20231227 19:46:23.602" level="INFO">Typing text '101010' into text field '//*[@id="licenseplatenumber"]'.</msg>
<status status="PASS" starttime="20231227 19:46:23.600" endtime="20231227 19:46:23.702"/>
</kw>
<kw name="Click Element" library="SeleniumLibrary">
<arg>${Vehicle.Annual_Mileage}</arg>
<doc>Click the element identified by ``locator``.</doc>
<msg timestamp="20231227 19:46:23.704" level="INFO">Clicking element '//*[@id="annualmileage"]'.</msg>
<status status="PASS" starttime="20231227 19:46:23.703" endtime="20231227 19:46:23.775"/>
</kw>
<kw name="Input Text" library="SeleniumLibrary">
<arg>${Vehicle.Annual_Mileage}</arg>
<arg>1010</arg>
<doc>Types the given ``text`` into the text field identified by ``locator``.</doc>
<msg timestamp="20231227 19:46:23.777" level="INFO">Typing text '1010' into text field '//*[@id="annualmileage"]'.</msg>
<status status="PASS" starttime="20231227 19:46:23.775" endtime="20231227 19:46:23.881"/>
</kw>
<kw name="Capture Page Screenshot" library="SeleniumLibrary">
<doc>Takes a screenshot of the current page and embeds it into a log file.</doc>
<msg timestamp="20231227 19:46:24.172" level="INFO" html="true">&lt;/td&gt;&lt;/tr&gt;&lt;tr&gt;&lt;td colspan="3"&gt;&lt;a href="selenium-screenshot-27.png"&gt;&lt;img src="selenium-screenshot-27.png" width="800px"&gt;&lt;/a&gt;</msg>
<status status="PASS" starttime="20231227 19:46:23.881" endtime="20231227 19:46:24.172"/>
</kw>
<status status="PASS" starttime="20231227 19:46:21.369" endtime="20231227 19:46:24.172"/>
</kw>
<kw name="E clico no botão Next" library="Vehicle_steps">
<kw name="Click Button" library="SeleniumLibrary">
<arg>${Vehicle.Next}</arg>
<doc>Clicks the button identified by ``locator``.</doc>
<msg timestamp="20231227 19:46:24.174" level="INFO">Clicking button 'xpath=//*[@id="nextenterinsurantdata"]'.</msg>
<status status="PASS" starttime="20231227 19:46:24.173" endtime="20231227 19:46:24.303"/>
</kw>
<status status="PASS" starttime="20231227 19:46:24.172" endtime="20231227 19:46:24.303"/>
</kw>
<kw name="Então acesso a aba Enter Insurant Data" library="Vehicle_steps">
<kw name="Element Should Be Visible" library="SeleniumLibrary">
<arg>${Vehicle.Enter_InsurantData}</arg>
<doc>Verifies that the element identified by ``locator`` is visible.</doc>
<msg timestamp="20231227 19:46:24.361" level="INFO">Element '//*[@id="firstname"]' is displayed.</msg>
<status status="PASS" starttime="20231227 19:46:24.305" endtime="20231227 19:46:24.361"/>
</kw>
<status status="PASS" starttime="20231227 19:46:24.304" endtime="20231227 19:46:24.361"/>
</kw>
<status status="PASS" starttime="20231227 19:46:15.570" endtime="20231227 19:46:24.362"/>
</test>
<test id="s1-s1-t2" name="cenario 2: Cadastro Pagina Enter Insurant Data" line="20">
<kw name="Dado que eu acesso a aba Enter Insurant Data" library="Insurant_steps">
<kw name="Wait Until Element Is Visible" library="SeleniumLibrary">
<arg>${Insurant.Enter_InsurantData}</arg>
<doc>Waits until the element ``locator`` is visible.</doc>
<status status="PASS" starttime="20231227 19:46:24.367" endtime="20231227 19:46:24.406"/>
</kw>
<kw name="Maximize Browser Window" library="SeleniumLibrary">
<doc>Maximizes current browser window.</doc>
<status status="PASS" starttime="20231227 19:46:24.407" endtime="20231227 19:46:24.410"/>
</kw>
<status status="PASS" starttime="20231227 19:46:24.367" endtime="20231227 19:46:24.411"/>
</kw>
<kw name="Quando cadastro a aba Enter Insurant Data" library="Insurant_steps">
<kw name="Click Element" library="SeleniumLibrary">
<arg>${Insurant.FirstName}</arg>
<doc>Click the element identified by ``locator``.</doc>
<msg timestamp="20231227 19:46:24.415" level="INFO">Clicking element '//*[@id="firstname"]'.</msg>
<status status="PASS" starttime="20231227 19:46:24.412" endtime="20231227 19:46:24.495"/>
</kw>
<kw name="Input Text" library="SeleniumLibrary">
<arg>${Insurant.Input_FirstName}</arg>
<arg>Caio</arg>
<doc>Types the given ``text`` into the text field identified by ``locator``.</doc>
<msg timestamp="20231227 19:46:24.499" level="INFO">Typing text 'Caio' into text field '//*[@id="firstname"]'.</msg>
<status status="PASS" starttime="20231227 19:46:24.495" endtime="20231227 19:46:24.606"/>
</kw>
<kw name="Click Element" library="SeleniumLibrary">
<arg>${Insurant.Last_Name}</arg>
<doc>Click the element identified by ``locator``.</doc>
<msg timestamp="20231227 19:46:24.607" level="INFO">Clicking element '//*[@id="lastname"]'.</msg>
<status status="PASS" starttime="20231227 19:46:24.606" endtime="20231227 19:46:24.680"/>
</kw>
<kw name="Input Text" library="SeleniumLibrary">
<arg>${Insurant.Input_LastName}</arg>
<arg>Silva</arg>
<doc>Types the given ``text`` into the text field identified by ``locator``.</doc>
<msg timestamp="20231227 19:46:24.683" level="INFO">Typing text 'Silva' into text field '//*[@id="lastname"]'.</msg>
<status status="PASS" starttime="20231227 19:46:24.680" endtime="20231227 19:46:24.799"/>
</kw>
<kw name="Click Element" library="SeleniumLibrary">
<arg>${Insurant.Input_BirthDate}</arg>
<doc>Click the element identified by ``locator``.</doc>
<msg timestamp="20231227 19:46:24.802" level="INFO">Clicking element '//*[@id="birthdate"]'.</msg>
<status status="PASS" starttime="20231227 19:46:24.800" endtime="20231227 19:46:24.887"/>
</kw>
<kw name="Input Text" library="SeleniumLibrary">
<arg>${Insurant.Input_BirthDate}</arg>
<arg>12/09/1989</arg>
<doc>Types the given ``text`` into the text field identified by ``locator``.</doc>
<msg timestamp="20231227 19:46:24.888" level="INFO">Typing text '12/09/1989' into text field '//*[@id="birthdate"]'.</msg>
<status status="PASS" starttime="20231227 19:46:24.887" endtime="20231227 19:46:25.054"/>
</kw>
<kw name="Wait Until Element Is Visible" library="SeleniumLibrary">
<arg>${Insurant.Input_Gender}</arg>
<doc>Waits until the element ``locator`` is visible.</doc>
<status status="PASS" starttime="20231227 19:46:25.055" endtime="20231227 19:46:25.083"/>
</kw>
<kw name="Element Should Be Visible" library="SeleniumLibrary">
<arg>${Insurant.Input_Gender}</arg>
<doc>Verifies that the element identified by ``locator`` is visible.</doc>
<msg timestamp="20231227 19:46:25.106" level="INFO">Element '//*[@id="insurance-form"]/div/section[2]/div[4]/p/label[1]/span' is displayed.</msg>
<status status="PASS" starttime="20231227 19:46:25.084" endtime="20231227 19:46:25.106"/>
</kw>
<kw name="Click Element" library="SeleniumLibrary">
<arg>${Insurant.Input_Gender}</arg>
<doc>Click the element identified by ``locator``.</doc>
<msg timestamp="20231227 19:46:25.107" level="INFO">Clicking element '//*[@id="insurance-form"]/div/section[2]/div[4]/p/label[1]/span'.</msg>
<status status="PASS" starttime="20231227 19:46:25.106" endtime="20231227 19:46:25.164"/>
</kw>
<kw name="Click Element" library="SeleniumLibrary">
<arg>${Insurant.Street_Address}</arg>
<doc>Click the element identified by ``locator``.</doc>
<msg timestamp="20231227 19:46:25.166" level="INFO">Clicking element '//*[@id="streetaddress"]'.</msg>
<status status="PASS" starttime="20231227 19:46:25.164" endtime="20231227 19:46:25.237"/>
</kw>
<kw name="Input Text" library="SeleniumLibrary">
<arg>${Insurant.Input_Address}</arg>
<arg>Gaetano Gioja, 14</arg>
<doc>Types the given ``text`` into the text field identified by ``locator``.</doc>
<msg timestamp="20231227 19:46:25.239" level="INFO">Typing text 'Gaetano Gioja, 14' into text field '//*[@id="streetaddress"]'.</msg>
<status status="PASS" starttime="20231227 19:46:25.237" endtime="20231227 19:46:25.395"/>
</kw>
<kw name="Click Element" library="SeleniumLibrary">
<arg>${Insurant.Input_Country}</arg>
<doc>Click the element identified by ``locator``.</doc>
<msg timestamp="20231227 19:46:25.397" level="INFO">Clicking element 'xpath=//option [contains(text(),"Brazil")]'.</msg>
<status status="PASS" starttime="20231227 19:46:25.395" endtime="20231227 19:46:25.451"/>
</kw>
<kw name="Click Element" library="SeleniumLibrary">
<arg>${Insurant.Zip_Code}</arg>
<doc>Click the element identified by ``locator``.</doc>
<msg timestamp="20231227 19:46:25.453" level="INFO">Clicking element '//*[@id="zipcode"]'.</msg>
<status status="PASS" starttime="20231227 19:46:25.452" endtime="20231227 19:46:25.525"/>
</kw>
<kw name="Input Text" library="SeleniumLibrary">
<arg>${Insurant.Input_ZipCode}</arg>
<arg>05183180</arg>
<doc>Types the given ``text`` into the text field identified by ``locator``.</doc>
<msg timestamp="20231227 19:46:25.528" level="INFO">Typing text '05183180' into text field '//*[@id="zipcode"]'.</msg>
<status status="PASS" starttime="20231227 19:46:25.526" endtime="20231227 19:46:25.660"/>
</kw>
<kw name="Click Element" library="SeleniumLibrary">
<arg>${Insurant.City}</arg>
<doc>Click the element identified by ``locator``.</doc>
<msg timestamp="20231227 19:46:25.661" level="INFO">Clicking element '//*[@id="city"]'.</msg>
<status status="PASS" starttime="20231227 19:46:25.660" endtime="20231227 19:46:25.736"/>
</kw>
<kw name="Input Text" library="SeleniumLibrary">
<arg>${Insurant.Input_City}</arg>
<arg>São Paulo</arg>
<doc>Types the given ``text`` into the text field identified by ``locator``.</doc>
<msg timestamp="20231227 19:46:25.737" level="INFO">Typing text 'São Paulo' into text field '//*[@id="city"]'.</msg>
<status status="PASS" starttime="20231227 19:46:25.736" endtime="20231227 19:46:25.834"/>
</kw>
<kw name="Click Element" library="SeleniumLibrary">
<arg>${Insurant.Input_Occupation}</arg>
<doc>Click the element identified by ``locator``.</doc>
<msg timestamp="20231227 19:46:25.836" level="INFO">Clicking element 'xpath=//option [contains(text(),"Public Official")]'.</msg>
<status status="PASS" starttime="20231227 19:46:25.835" endtime="20231227 19:46:25.883"/>
</kw>
<kw name="Sleep" library="BuiltIn">
<arg>5s</arg>
<doc>Pauses the test executed for the given time.</doc>
<msg timestamp="20231227 19:46:30.884" level="INFO">Slept 5 seconds</msg>
<status status="PASS" starttime="20231227 19:46:25.883" endtime="20231227 19:46:30.884"/>
</kw>
<kw name="Capture Page Screenshot" library="SeleniumLibrary">
<doc>Takes a screenshot of the current page and embeds it into a log file.</doc>
<msg timestamp="20231227 19:46:31.019" level="INFO" html="true">&lt;/td&gt;&lt;/tr&gt;&lt;tr&gt;&lt;td colspan="3"&gt;&lt;a href="selenium-screenshot-28.png"&gt;&lt;img src="selenium-screenshot-28.png" width="800px"&gt;&lt;/a&gt;</msg>
<status status="PASS" starttime="20231227 19:46:30.885" endtime="20231227 19:46:31.019"/>
</kw>
<kw name="Click Element" library="SeleniumLibrary">
<arg>${Insurant.Input_hobbies}</arg>
<doc>Click the element identified by ``locator``.</doc>
<msg timestamp="20231227 19:46:31.020" level="INFO">Clicking element '//*[@id="insurance-form"]/div/section[2]/div[10]/p/label[1]/span'.</msg>
<status status="PASS" starttime="20231227 19:46:31.019" endtime="20231227 19:46:31.090"/>
</kw>
<kw name="Click Element" library="SeleniumLibrary">
<arg>${Insurant.Website}</arg>
<doc>Click the element identified by ``locator``.</doc>
<msg timestamp="20231227 19:46:31.092" level="INFO">Clicking element '//*[@id="website"]'.</msg>
<status status="PASS" starttime="20231227 19:46:31.091" endtime="20231227 19:46:31.161"/>
</kw>
<kw name="Input Text" library="SeleniumLibrary">
<arg>${Insurant.Input_WebSite}</arg>
<arg>www.google.com.Brazil</arg>
<doc>Types the given ``text`` into the text field identified by ``locator``.</doc>
<msg timestamp="20231227 19:46:31.162" level="INFO">Typing text 'www.google.com.Brazil' into text field '//*[@id="website"]'.</msg>
<status status="PASS" starttime="20231227 19:46:31.161" endtime="20231227 19:46:31.329"/>
</kw>
<kw name="Choose File" library="SeleniumLibrary">
<arg>${Insurant.Load_Picture}</arg>
<arg>C:\P10</arg>
<doc>Inputs the ``file_path`` into the file input field ``locator``.</doc>
<msg timestamp="20231227 19:46:31.331" level="INFO">Sending C:\Users\Caio\Desktop\Cadastro final\Tests\P10 to browser.</msg>
<status status="PASS" starttime="20231227 19:46:31.330" endtime="20231227 19:46:31.414"/>
</kw>
<status status="PASS" starttime="20231227 19:46:24.411" endtime="20231227 19:46:31.414"/>
</kw>
<kw name="E clico no botão Next Product" library="Insurant_steps">
<kw name="Click Button" library="SeleniumLibrary">
<arg>${Insurant.Next_ProductData}</arg>
<doc>Clicks the button identified by ``locator``.</doc>
<msg timestamp="20231227 19:46:31.418" level="INFO">Clicking button 'xpath=//*[@id="nextenterproductdata"]'.</msg>
<status status="PASS" starttime="20231227 19:46:31.416" endtime="20231227 19:46:31.526"/>
</kw>
<status status="PASS" starttime="20231227 19:46:31.415" endtime="20231227 19:46:31.526"/>
</kw>
<kw name="Então acesso a aba Enter Product Data" library="Insurant_steps">
<kw name="Element Should Be Visible" library="SeleniumLibrary">
<arg>${Insurant.Enter_ProductData}</arg>
<arg>timeout=10s</arg>
<doc>Verifies that the element identified by ``locator`` is visible.</doc>
<msg timestamp="20231227 19:46:31.557" level="INFO">Element '//*[@id="startdate"]' is displayed.</msg>
<status status="PASS" starttime="20231227 19:46:31.527" endtime="20231227 19:46:31.557"/>
</kw>
<status status="PASS" starttime="20231227 19:46:31.527" endtime="20231227 19:46:31.557"/>
</kw>
<status status="PASS" starttime="20231227 19:46:24.366" endtime="20231227 19:46:31.559"/>
</test>
<test id="s1-s1-t3" name="cenario 3: Cadastro Enter Product Data" line="27">
<kw name="Dado que eu acesso a aba Enter Product Data" library="Products_steps">
<kw name="Wait Until Element Is Visible" library="SeleniumLibrary">
<arg>${Products.Enter_ProductData}</arg>
<doc>Waits until the element ``locator`` is visible.</doc>
<status status="PASS" starttime="20231227 19:46:31.560" endtime="20231227 19:46:31.588"/>
</kw>
<kw name="Maximize Browser Window" library="SeleniumLibrary">
<doc>Maximizes current browser window.</doc>
<status status="PASS" starttime="20231227 19:46:31.588" endtime="20231227 19:46:31.593"/>
</kw>
<status status="PASS" starttime="20231227 19:46:31.560" endtime="20231227 19:46:31.593"/>
</kw>
<kw name="Quando cadastro a aba Enter Product Data" library="Products_steps">
<kw name="Input Text" library="SeleniumLibrary">
<arg>${Products.Start_Date}</arg>
<arg>05/10/2024</arg>
<doc>Types the given ``text`` into the text field identified by ``locator``.</doc>
<msg timestamp="20231227 19:46:31.595" level="INFO">Typing text '05/10/2024' into text field 'xpath=//*[@id="startdate"]'.</msg>
<status status="PASS" starttime="20231227 19:46:31.594" endtime="20231227 19:46:31.825"/>
</kw>
<kw name="Click Element" library="SeleniumLibrary">
<arg>${Products.Insurance_Sum}</arg>
<doc>Click the element identified by ``locator``.</doc>
<msg timestamp="20231227 19:46:31.827" level="INFO">Clicking element 'xpath=//option [contains(text(),"3.000.000,00")]'.</msg>
<status status="PASS" starttime="20231227 19:46:31.826" endtime="20231227 19:46:31.881"/>
</kw>
<kw name="Click Element" library="SeleniumLibrary">
<arg>${Products.Damage_Insurance}</arg>
<doc>Click the element identified by ``locator``.</doc>
<msg timestamp="20231227 19:46:31.883" level="INFO">Clicking element 'xpath=//option [contains(text(),"No Coverage")]'.</msg>
<status status="PASS" starttime="20231227 19:46:31.881" endtime="20231227 19:46:31.927"/>
</kw>
<kw name="Wait Until Element Is Visible" library="SeleniumLibrary">
<arg>${Products.optional_products}</arg>
<doc>Waits until the element ``locator`` is visible.</doc>
<status status="PASS" starttime="20231227 19:46:31.927" endtime="20231227 19:46:31.954"/>
</kw>
<kw name="Click Element" library="SeleniumLibrary">
<arg>${Products.optional_products}</arg>
<doc>Click the element identified by ``locator``.</doc>
<msg timestamp="20231227 19:46:31.955" level="INFO">Clicking element '//*[@id="insurance-form"]/div/section[3]/div[4]/p/label[1]/span'.</msg>
<status status="PASS" starttime="20231227 19:46:31.954" endtime="20231227 19:46:32.015"/>
</kw>
<kw name="Capture Page Screenshot" library="SeleniumLibrary">
<doc>Takes a screenshot of the current page and embeds it into a log file.</doc>
<msg timestamp="20231227 19:46:32.144" level="INFO" html="true">&lt;/td&gt;&lt;/tr&gt;&lt;tr&gt;&lt;td colspan="3"&gt;&lt;a href="selenium-screenshot-29.png"&gt;&lt;img src="selenium-screenshot-29.png" width="800px"&gt;&lt;/a&gt;</msg>
<status status="PASS" starttime="20231227 19:46:32.015" endtime="20231227 19:46:32.144"/>
</kw>
<status status="PASS" starttime="20231227 19:46:31.593" endtime="20231227 19:46:32.144"/>
</kw>
<kw name="E clico no botão Next Price Option" library="Products_steps">
<kw name="Click Button" library="SeleniumLibrary">
<arg>${Products.Next_Price_Option}</arg>
<doc>Clicks the button identified by ``locator``.</doc>
<msg timestamp="20231227 19:46:32.147" level="INFO">Clicking button 'xpath=//*[@id="nextselectpriceoption"]'.</msg>
<status status="PASS" starttime="20231227 19:46:32.145" endtime="20231227 19:46:32.266"/>
</kw>
<status status="PASS" starttime="20231227 19:46:32.145" endtime="20231227 19:46:32.266"/>
</kw>
<kw name="Então acesso a aba Select Price Option" library="Products_steps">
<kw name="Wait Until Element Is Visible" library="SeleniumLibrary">
<arg>${Products.choose_gold}</arg>
<doc>Waits until the element ``locator`` is visible.</doc>
<status status="PASS" starttime="20231227 19:46:32.267" endtime="20231227 19:46:32.304"/>
</kw>
<status status="PASS" starttime="20231227 19:46:32.266" endtime="20231227 19:46:32.304"/>
</kw>
<status status="PASS" starttime="20231227 19:46:31.560" endtime="20231227 19:46:32.304"/>
</test>
<test id="s1-s1-t4" name="cenario 4: Select Price Option" line="35">
<kw name="Dado que eu acesso a aba Select Price Option" library="Price_steps">
<kw name="Wait Until Element Is Visible" library="SeleniumLibrary">
<arg>${Price.choose_gold}</arg>
<doc>Waits until the element ``locator`` is visible.</doc>
<status status="PASS" starttime="20231227 19:46:32.307" endtime="20231227 19:46:32.335"/>
</kw>
<kw name="Maximize Browser Window" library="SeleniumLibrary">
<doc>Maximizes current browser window.</doc>
<status status="PASS" starttime="20231227 19:46:32.335" endtime="20231227 19:46:32.339"/>
</kw>
<status status="PASS" starttime="20231227 19:46:32.307" endtime="20231227 19:46:32.339"/>
</kw>
<kw name="Quando eu escolho o Price Option" library="Price_steps">
<kw name="Click Element" library="SeleniumLibrary">
<arg>${Price.choose_gold}</arg>
<doc>Click the element identified by ``locator``.</doc>
<msg timestamp="20231227 19:46:32.340" level="INFO">Clicking element 'xpath=//*[@id="priceTable"]/tfoot/tr/th[2]/label[2]/span'.</msg>
<status status="PASS" starttime="20231227 19:46:32.340" endtime="20231227 19:46:32.418"/>
</kw>
<kw name="Capture Page Screenshot" library="SeleniumLibrary">
<doc>Takes a screenshot of the current page and embeds it into a log file.</doc>
<msg timestamp="20231227 19:46:32.608" level="INFO" html="true">&lt;/td&gt;&lt;/tr&gt;&lt;tr&gt;&lt;td colspan="3"&gt;&lt;a href="selenium-screenshot-30.png"&gt;&lt;img src="selenium-screenshot-30.png" width="800px"&gt;&lt;/a&gt;</msg>
<status status="PASS" starttime="20231227 19:46:32.418" endtime="20231227 19:46:32.608"/>
</kw>
<status status="PASS" starttime="20231227 19:46:32.339" endtime="20231227 19:46:32.608"/>
</kw>
<kw name="E clico no botão next send Quote" library="Price_steps">
<kw name="Wait Until Element Is Visible" library="SeleniumLibrary">
<arg>${Price.Next_sendQuote}</arg>
<doc>Waits until the element ``locator`` is visible.</doc>
<status status="PASS" starttime="20231227 19:46:32.609" endtime="20231227 19:46:32.896"/>
</kw>
<kw name="Click Element" library="SeleniumLibrary">
<arg>${Price.Next_sendQuote}</arg>
<doc>Click the element identified by ``locator``.</doc>
<msg timestamp="20231227 19:46:32.898" level="INFO">Clicking element 'xpath=//*[@id="nextsendquote"]'.</msg>
<status status="PASS" starttime="20231227 19:46:32.897" endtime="20231227 19:46:32.993"/>
</kw>
<status status="PASS" starttime="20231227 19:46:32.609" endtime="20231227 19:46:32.993"/>
</kw>
<kw name="Então acesso a aba Send Quote" library="Price_steps">
<kw name="Wait Until Element Is Visible" library="SeleniumLibrary">
<arg>${Price.email}</arg>
<doc>Waits until the element ``locator`` is visible.</doc>
<status status="PASS" starttime="20231227 19:46:32.993" endtime="20231227 19:46:33.034"/>
</kw>
<kw name="Capture Page Screenshot" library="SeleniumLibrary">
<doc>Takes a screenshot of the current page and embeds it into a log file.</doc>
<msg timestamp="20231227 19:46:33.389" level="INFO" html="true">&lt;/td&gt;&lt;/tr&gt;&lt;tr&gt;&lt;td colspan="3"&gt;&lt;a href="selenium-screenshot-31.png"&gt;&lt;img src="selenium-screenshot-31.png" width="800px"&gt;&lt;/a&gt;</msg>
<status status="PASS" starttime="20231227 19:46:33.034" endtime="20231227 19:46:33.390"/>
</kw>
<status status="PASS" starttime="20231227 19:46:32.993" endtime="20231227 19:46:33.390"/>
</kw>
<status status="PASS" starttime="20231227 19:46:32.306" endtime="20231227 19:46:33.390"/>
</test>
<test id="s1-s1-t5" name="cenario 5: Send Quote" line="41">
<kw name="Dado que eu acesso a aba a Send Quote" library="Quote_steps">
<kw name="Wait Until Element Is Visible" library="SeleniumLibrary">
<arg>${Quote.Input_Email}</arg>
<doc>Waits until the element ``locator`` is visible.</doc>
<status status="PASS" starttime="20231227 19:46:33.393" endtime="20231227 19:46:33.417"/>
</kw>
<kw name="Maximize Browser Window" library="SeleniumLibrary">
<doc>Maximizes current browser window.</doc>
<status status="PASS" starttime="20231227 19:46:33.417" endtime="20231227 19:46:33.421"/>
</kw>
<status status="PASS" starttime="20231227 19:46:33.392" endtime="20231227 19:46:33.421"/>
</kw>
<kw name="Quando eu Cadastro meus Dados de Contato" library="Quote_steps">
<kw name="Input Text" library="SeleniumLibrary">
<arg>${Quote.Input_Email}</arg>
<arg>caiovfsilva@gmail.com</arg>
<doc>Types the given ``text`` into the text field identified by ``locator``.</doc>
<msg timestamp="20231227 19:46:33.424" level="INFO">Typing text 'caiovfsilva@gmail.com' into text field '//*[@id="email"]'.</msg>
<status status="PASS" starttime="20231227 19:46:33.423" endtime="20231227 19:46:33.684"/>
</kw>
<kw name="Input Text" library="SeleniumLibrary">
<arg>${Quote.Input_Phone}</arg>
<arg>1195444566</arg>
<doc>Types the given ``text`` into the text field identified by ``locator``.</doc>
<msg timestamp="20231227 19:46:33.686" level="INFO">Typing text '1195444566' into text field '//*[@id="phone"]'.</msg>
<status status="PASS" starttime="20231227 19:46:33.685" endtime="20231227 19:46:33.858"/>
</kw>
<kw name="Input Text" library="SeleniumLibrary">
<arg>${Quote.Input_UserName}</arg>
<arg>CACA01</arg>
<doc>Types the given ``text`` into the text field identified by ``locator``.</doc>
<msg timestamp="20231227 19:46:33.859" level="INFO">Typing text 'CACA01' into text field '//*[@id="username"]'.</msg>
<status status="PASS" starttime="20231227 19:46:33.858" endtime="20231227 19:46:34.033"/>
</kw>
<kw name="Input Text" library="SeleniumLibrary">
<arg>${Quote.Input_Password}</arg>
<arg>138527Ca#</arg>
<doc>Types the given ``text`` into the text field identified by ``locator``.</doc>
<msg timestamp="20231227 19:46:34.036" level="INFO">Typing text '138527Ca#' into text field '//*[@id="password"]'.</msg>
<status status="PASS" starttime="20231227 19:46:34.034" endtime="20231227 19:46:34.215"/>
</kw>
<kw name="Input Text" library="SeleniumLibrary">
<arg>${Quote.Input_ConfirmPassword}</arg>
<arg>138527Ca#</arg>
<doc>Types the given ``text`` into the text field identified by ``locator``.</doc>
<msg timestamp="20231227 19:46:34.217" level="INFO">Typing text '138527Ca#' into text field '//*[@id="confirmpassword"]'.</msg>
<status status="PASS" starttime="20231227 19:46:34.215" endtime="20231227 19:46:34.386"/>
</kw>
<kw name="Wait Until Element Is Visible" library="SeleniumLibrary">
<arg>${Quote.Send}</arg>
<doc>Waits until the element ``locator`` is visible.</doc>
<status status="PASS" starttime="20231227 19:46:34.386" endtime="20231227 19:46:34.414"/>
</kw>
<kw name="Click Element" library="SeleniumLibrary">
<arg>${Quote.Send}</arg>
<doc>Click the element identified by ``locator``.</doc>
<msg timestamp="20231227 19:46:34.417" level="INFO">Clicking element '//*[@id="sendemail"]'.</msg>
<status status="PASS" starttime="20231227 19:46:34.414" endtime="20231227 19:46:34.490"/>
</kw>
<kw name="Capture Page Screenshot" library="SeleniumLibrary">
<doc>Takes a screenshot of the current page and embeds it into a log file.</doc>
<msg timestamp="20231227 19:46:34.697" level="INFO" html="true">&lt;/td&gt;&lt;/tr&gt;&lt;tr&gt;&lt;td colspan="3"&gt;&lt;a href="selenium-screenshot-32.png"&gt;&lt;img src="selenium-screenshot-32.png" width="800px"&gt;&lt;/a&gt;</msg>
<status status="PASS" starttime="20231227 19:46:34.490" endtime="20231227 19:46:34.697"/>
</kw>
<status status="PASS" starttime="20231227 19:46:33.423" endtime="20231227 19:46:34.697"/>
</kw>
<kw name="E clico no botão Send" library="Quote_steps">
<kw name="Wait Until Element Is Visible" library="SeleniumLibrary">
<arg>${Quote.Send_Success}</arg>
<doc>Waits until the element ``locator`` is visible.</doc>
<status status="PASS" starttime="20231227 19:46:34.702" endtime="20231227 19:46:34.755"/>
</kw>
<kw name="Click Element" library="SeleniumLibrary">
<arg>${Quote.Send_Success}</arg>
<doc>Click the element identified by ``locator``.</doc>
<msg timestamp="20231227 19:46:34.757" level="INFO">Clicking element '//*[@id="LoadingPDF"]'.</msg>
<status status="PASS" starttime="20231227 19:46:34.756" endtime="20231227 19:46:34.810"/>
</kw>
<kw name="Sleep" library="BuiltIn">
<arg>5s</arg>
<doc>Pauses the test executed for the given time.</doc>
<msg timestamp="20231227 19:46:39.811" level="INFO">Slept 5 seconds</msg>
<status status="PASS" starttime="20231227 19:46:34.810" endtime="20231227 19:46:39.811"/>
</kw>
<kw name="Capture Page Screenshot" library="SeleniumLibrary">
<doc>Takes a screenshot of the current page and embeds it into a log file.</doc>
<msg timestamp="20231227 19:46:39.998" level="INFO" html="true">&lt;/td&gt;&lt;/tr&gt;&lt;tr&gt;&lt;td colspan="3"&gt;&lt;a href="selenium-screenshot-33.png"&gt;&lt;img src="selenium-screenshot-33.png" width="800px"&gt;&lt;/a&gt;</msg>
<status status="PASS" starttime="20231227 19:46:39.811" endtime="20231227 19:46:39.998"/>
</kw>
<status status="PASS" starttime="20231227 19:46:34.701" endtime="20231227 19:46:39.998"/>
</kw>
<kw name="Então o e-mail é enviado com sucesso" library="Quote_steps">
<kw name="Wait Until Element Is Visible" library="SeleniumLibrary">
<arg>${Quote.Confirm}</arg>
<doc>Waits until the element ``locator`` is visible.</doc>
<status status="PASS" starttime="20231227 19:46:39.999" endtime="20231227 19:46:43.054"/>
</kw>
<kw name="Capture Page Screenshot" library="SeleniumLibrary">
<doc>Takes a screenshot of the current page and embeds it into a log file.</doc>
<msg timestamp="20231227 19:46:43.279" level="INFO" html="true">&lt;/td&gt;&lt;/tr&gt;&lt;tr&gt;&lt;td colspan="3"&gt;&lt;a href="selenium-screenshot-34.png"&gt;&lt;img src="selenium-screenshot-34.png" width="800px"&gt;&lt;/a&gt;</msg>
<status status="PASS" starttime="20231227 19:46:43.055" endtime="20231227 19:46:43.279"/>
</kw>
<kw name="Click Element" library="SeleniumLibrary">
<arg>${Quote.Confirm}</arg>
<doc>Click the element identified by ``locator``.</doc>
<msg timestamp="20231227 19:46:43.281" level="INFO">Clicking element 'xpath=//*[@class="confirm"]'.</msg>
<status status="PASS" starttime="20231227 19:46:43.280" endtime="20231227 19:46:43.344"/>
</kw>
<status status="PASS" starttime="20231227 19:46:39.999" endtime="20231227 19:46:43.344"/>
</kw>
<status status="PASS" starttime="20231227 19:46:33.392" endtime="20231227 19:46:43.345"/>
</test>
<status status="PASS" starttime="20231227 19:46:15.208" endtime="20231227 19:46:43.348"/>
</suite>
<status status="PASS" starttime="20231227 19:46:15.177" endtime="20231227 19:46:43.353"/>
</suite>
<statistics>
<total>
<stat pass="5" fail="0" skip="0">All Tests</stat>
</total>
<tag>
</tag>
<suite>
<stat pass="5" fail="0" skip="0" id="s1" name="Quote">Quote</stat>
<stat pass="5" fail="0" skip="0" id="s1-s1" name="Quote">Quote.Quote</stat>
</suite>
</statistics>
<errors>
</errors>
</robot>
