<?xml version="1.0" encoding="UTF-8"?>
<robot generator="Robot 6.1.1 (Python 3.11.4 on darwin)" generated="20231226 20:33:25.841" rpa="false" schemaversion="4">
<suite id="s1" name="Vehicle" source="/Users/rafaeloliveira/Desktop/BDD/Tests/Vehicle/Vehicle.robot">
<test id="s1-t1" name="cenario 1: Cadastro aba Enter Vehicle Data" line="10">
<kw name="Dado que eu acesso o site do Engine" library="Vehicle_steps">
<kw name="Open Browser" library="SeleniumLibrary">
<arg>${URL}</arg>
<arg>${Browser}</arg>
<doc>Opens a new browser instance to the optional ``url``.</doc>
<msg timestamp="20231226 20:33:26.112" level="INFO">Opening browser 'chrome' to base url 'http://sampleapp.tricentis.com/101/app.php'.</msg>
<status status="PASS" starttime="20231226 20:33:26.111" endtime="20231226 20:33:32.864"/>
</kw>
<kw name="Maximize Browser Window" library="SeleniumLibrary">
<doc>Maximizes current browser window.</doc>
<status status="PASS" starttime="20231226 20:33:32.866" endtime="20231226 20:33:33.307"/>
</kw>
<status status="PASS" starttime="20231226 20:33:26.111" endtime="20231226 20:33:33.307"/>
</kw>
<kw name="Sleep" library="BuiltIn">
<arg>5s</arg>
<doc>Pauses the test executed for the given time.</doc>
<msg timestamp="20231226 20:33:38.309" level="INFO">Slept 5 seconds</msg>
<status status="PASS" starttime="20231226 20:33:33.308" endtime="20231226 20:33:38.310"/>
</kw>
<kw name="Quando cadastro a aba Enter Vehicle Data" library="Vehicle_steps">
<kw name="Click Element" library="SeleniumLibrary">
<arg>${Vehicle.Camper}</arg>
<doc>Click the element identified by ``locator``.</doc>
<msg timestamp="20231226 20:33:38.314" level="INFO">Clicking element '//*[@id="nav_camper"]'.</msg>
<status status="PASS" starttime="20231226 20:33:38.311" endtime="20231226 20:33:38.951"/>
</kw>
<kw name="Click Element" library="SeleniumLibrary">
<arg>${Vehicle.Option_BMW}</arg>
<doc>Click the element identified by ``locator``.</doc>
<msg timestamp="20231226 20:33:38.953" level="INFO">Clicking element 'xpath=//option [contains(text(),"BMW")]'.</msg>
<status status="PASS" starttime="20231226 20:33:38.952" endtime="20231226 20:33:39.054"/>
</kw>
<kw name="Input Text" library="SeleniumLibrary">
<arg>${Vehicle.Input_KW}</arg>
<arg>${KW}</arg>
<doc>Types the given ``text`` into the text field identified by ``locator``.</doc>
<msg timestamp="20231226 20:33:39.055" level="INFO">Typing text '1200' into text field '//input [@id="engineperformance"]'.</msg>
<status status="PASS" starttime="20231226 20:33:39.054" endtime="20231226 20:33:39.464"/>
</kw>
<kw name="Input Text" library="SeleniumLibrary">
<arg>${Vehicle.Input_DOM}</arg>
<arg>${Data}</arg>
<doc>Types the given ``text`` into the text field identified by ``locator``.</doc>
<msg timestamp="20231226 20:33:39.465" level="INFO">Typing text '12/09/1989' into text field '//input[@placeholder="MM/DD/YYYY"]'.</msg>
<status status="PASS" starttime="20231226 20:33:39.464" endtime="20231226 20:33:39.686"/>
</kw>
<kw name="Click Element" library="SeleniumLibrary">
<arg>${Vehicle.Input_Seats}</arg>
<doc>Click the element identified by ``locator``.</doc>
<msg timestamp="20231226 20:33:39.688" level="INFO">Clicking element ' xpath=//select [@id="numberofseats"]'.</msg>
<status status="PASS" starttime="20231226 20:33:39.687" endtime="20231226 20:33:39.856"/>
</kw>
<kw name="Click Element" library="SeleniumLibrary">
<arg>${Vehicle.Input_Number_Seats}</arg>
<doc>Click the element identified by ``locator``.</doc>
<msg timestamp="20231226 20:33:39.857" level="INFO">Clicking element ' xpath=//select [@id="numberofseats"]/option[9]'.</msg>
<status status="PASS" starttime="20231226 20:33:39.856" endtime="20231226 20:33:40.187"/>
</kw>
<kw name="Click Element" library="SeleniumLibrary">
<arg>${Vehicle.Input_RHD}</arg>
<doc>Click the element identified by ``locator``.</doc>
<msg timestamp="20231226 20:33:40.189" level="INFO">Clicking element 'class=ideal-radio'.</msg>
<status status="PASS" starttime="20231226 20:33:40.187" endtime="20231226 20:33:40.511"/>
</kw>
<kw name="Click Element" library="SeleniumLibrary">
<arg>${Vehicle.Fuel}</arg>
<doc>Click the element identified by ``locator``.</doc>
<msg timestamp="20231226 20:33:40.512" level="INFO">Clicking element 'xpath=//*[@id="fuel"]'.</msg>
<status status="PASS" starttime="20231226 20:33:40.511" endtime="20231226 20:33:40.614"/>
</kw>
<kw name="Click Element" library="SeleniumLibrary">
<arg>${Vehicle.Fuel_option}</arg>
<doc>Click the element identified by ``locator``.</doc>
<msg timestamp="20231226 20:33:40.615" level="INFO">Clicking element '//*[@id="fuel"]/option[5]'.</msg>
<status status="PASS" starttime="20231226 20:33:40.615" endtime="20231226 20:33:40.936"/>
</kw>
<kw name="Click Element" library="SeleniumLibrary">
<arg>${Vehicle.Payload}</arg>
<doc>Click the element identified by ``locator``.</doc>
<msg timestamp="20231226 20:33:40.937" level="INFO">Clicking element '//*[@id="payload"]'.</msg>
<status status="PASS" starttime="20231226 20:33:40.936" endtime="20231226 20:33:41.294"/>
</kw>
<kw name="Input Text" library="SeleniumLibrary">
<arg>${Vehicle.Input_Payload}</arg>
<arg>101</arg>
<doc>Types the given ``text`` into the text field identified by ``locator``.</doc>
<msg timestamp="20231226 20:33:41.295" level="INFO">Typing text '101' into text field '//*[@id="payload"]'.</msg>
<status status="PASS" starttime="20231226 20:33:41.294" endtime="20231226 20:33:41.401"/>
</kw>
<kw name="Click Element" library="SeleniumLibrary">
<arg>${Vehicle.Totalweight}</arg>
<doc>Click the element identified by ``locator``.</doc>
<msg timestamp="20231226 20:33:41.403" level="INFO">Clicking element '//*[@id="totalweight"]'.</msg>
<status status="PASS" starttime="20231226 20:33:41.401" endtime="20231226 20:33:41.507"/>
</kw>
<kw name="Input Text" library="SeleniumLibrary">
<arg>${Vehicle.Input_TotalWeight}</arg>
<arg>1010</arg>
<doc>Types the given ``text`` into the text field identified by ``locator``.</doc>
<msg timestamp="20231226 20:33:41.509" level="INFO">Typing text '1010' into text field '//*[@id="totalweight"]'.</msg>
<status status="PASS" starttime="20231226 20:33:41.507" endtime="20231226 20:33:41.628"/>
</kw>
<kw name="Click Element" library="SeleniumLibrary">
<arg>${Vehicle.ListPrice}</arg>
<doc>Click the element identified by ``locator``.</doc>
<msg timestamp="20231226 20:33:41.629" level="INFO">Clicking element '//*[@id="listprice"]'.</msg>
<status status="PASS" starttime="20231226 20:33:41.628" endtime="20231226 20:33:41.709"/>
</kw>
<kw name="Input Text" library="SeleniumLibrary">
<arg>${Vehicle.Input_ListPrice}</arg>
<arg>100000</arg>
<doc>Types the given ``text`` into the text field identified by ``locator``.</doc>
<msg timestamp="20231226 20:33:41.710" level="INFO">Typing text '100000' into text field '//*[@id="listprice"]'.</msg>
<status status="PASS" starttime="20231226 20:33:41.709" endtime="20231226 20:33:41.910"/>
</kw>
<kw name="Click Element" library="SeleniumLibrary">
<arg>${Vehicle.LicencePlate}</arg>
<doc>Click the element identified by ``locator``.</doc>
<msg timestamp="20231226 20:33:41.911" level="INFO">Clicking element '//*[@id="licenseplatenumber"]'.</msg>
<status status="PASS" starttime="20231226 20:33:41.910" endtime="20231226 20:33:42.008"/>
</kw>
<kw name="Input Text" library="SeleniumLibrary">
<arg>${Vehicle.Input_LicencePlate}</arg>
<arg>101010</arg>
<doc>Types the given ``text`` into the text field identified by ``locator``.</doc>
<msg timestamp="20231226 20:33:42.009" level="INFO">Typing text '101010' into text field '//*[@id="licenseplatenumber"]'.</msg>
<status status="PASS" starttime="20231226 20:33:42.008" endtime="20231226 20:33:42.198"/>
</kw>
<kw name="Click Element" library="SeleniumLibrary">
<arg>${Vehicle.Annual_Mileage}</arg>
<doc>Click the element identified by ``locator``.</doc>
<msg timestamp="20231226 20:33:42.200" level="INFO">Clicking element '//*[@id="annualmileage"]'.</msg>
<status status="PASS" starttime="20231226 20:33:42.198" endtime="20231226 20:33:42.304"/>
</kw>
<kw name="Input Text" library="SeleniumLibrary">
<arg>${Vehicle.Annual_Mileage}</arg>
<arg>1010</arg>
<doc>Types the given ``text`` into the text field identified by ``locator``.</doc>
<msg timestamp="20231226 20:33:42.306" level="INFO">Typing text '1010' into text field '//*[@id="annualmileage"]'.</msg>
<status status="PASS" starttime="20231226 20:33:42.304" endtime="20231226 20:33:42.438"/>
</kw>
<kw name="Capture Page Screenshot" library="SeleniumLibrary">
<doc>Takes a screenshot of the current page and embeds it into a log file.</doc>
<msg timestamp="20231226 20:33:42.831" level="INFO" html="true">&lt;/td&gt;&lt;/tr&gt;&lt;tr&gt;&lt;td colspan="3"&gt;&lt;a href="selenium-screenshot-2.png"&gt;&lt;img src="selenium-screenshot-2.png" width="800px"&gt;&lt;/a&gt;</msg>
<status status="PASS" starttime="20231226 20:33:42.438" endtime="20231226 20:33:42.832"/>
</kw>
<status status="PASS" starttime="20231226 20:33:38.310" endtime="20231226 20:33:42.832"/>
</kw>
<kw name="E clico no botão Next" library="Vehicle_steps">
<kw name="Click Button" library="SeleniumLibrary">
<arg>${Vehicle.Next}</arg>
<doc>Clicks the button identified by ``locator``.</doc>
<msg timestamp="20231226 20:33:42.833" level="INFO">Clicking button 'xpath=//*[@id="nextenterinsurantdata"]'.</msg>
<status status="PASS" starttime="20231226 20:33:42.832" endtime="20231226 20:33:43.020"/>
</kw>
<status status="PASS" starttime="20231226 20:33:42.832" endtime="20231226 20:33:43.020"/>
</kw>
<kw name="Close Browser" library="SeleniumLibrary" type="TEARDOWN">
<doc>Closes the current browser.</doc>
<status status="PASS" starttime="20231226 20:33:43.021" endtime="20231226 20:33:43.336"/>
</kw>
<status status="PASS" starttime="20231226 20:33:26.110" endtime="20231226 20:33:43.336"/>
</test>
<status status="PASS" starttime="20231226 20:33:25.843" endtime="20231226 20:33:43.339"/>
</suite>
<statistics>
<total>
<stat pass="1" fail="0" skip="0">All Tests</stat>
</total>
<tag>
</tag>
<suite>
<stat pass="1" fail="0" skip="0" id="s1" name="Vehicle">Vehicle</stat>
</suite>
</statistics>
<errors>
</errors>
</robot>
